0 info it worked if it ends with ok
1 verbose cli [ '/usr/local/bin/node',
1 verbose cli   '/usr/local/bin/npm',
1 verbose cli   'install',
1 verbose cli   '-g',
1 verbose cli   'bower' ]
2 info using npm@2.15.0
3 info using node@v4.4.2
4 verbose install initial load of /usr/local/lib/package.json
5 verbose readDependencies loading dependencies from /usr/local/lib/package.json
6 silly cache add args [ 'bower', null ]
7 verbose cache add spec bower
8 silly cache add parsed spec Result {
8 silly cache add   raw: 'bower',
8 silly cache add   scope: null,
8 silly cache add   name: 'bower',
8 silly cache add   rawSpec: '',
8 silly cache add   spec: 'latest',
8 silly cache add   type: 'tag' }
9 silly addNamed bower@latest
10 verbose addNamed "latest" is being treated as a dist-tag for bower
11 info addNameTag [ 'bower', 'latest' ]
12 silly mapToRegistry name bower
13 silly mapToRegistry using default registry
14 silly mapToRegistry registry https://registry.npmjs.org/
15 silly mapToRegistry data Result {
15 silly mapToRegistry   raw: 'bower',
15 silly mapToRegistry   scope: null,
15 silly mapToRegistry   name: 'bower',
15 silly mapToRegistry   rawSpec: '',
15 silly mapToRegistry   spec: 'latest',
15 silly mapToRegistry   type: 'tag' }
16 silly mapToRegistry uri https://registry.npmjs.org/bower
17 verbose addNameTag registry:https://registry.npmjs.org/bower not in flight; fetching
18 verbose request uri https://registry.npmjs.org/bower
19 verbose request no auth needed
20 info attempt registry request try #1 at 10:17:05 AM
21 verbose request id b364dc49d20ba3d5
22 verbose etag "90V3NXMFYDULUM3V8ROY21DJC"
23 http request GET https://registry.npmjs.org/bower
24 http 304 https://registry.npmjs.org/bower
25 verbose headers { date: 'Mon, 15 Aug 2016 14:17:04 GMT',
25 verbose headers   via: '1.1 varnish',
25 verbose headers   'cache-control': 'max-age=300',
25 verbose headers   etag: '"90V3NXMFYDULUM3V8ROY21DJC"',
25 verbose headers   age: '80',
25 verbose headers   connection: 'keep-alive',
25 verbose headers   'x-served-by': 'cache-jfk8123-JFK',
25 verbose headers   'x-cache': 'HIT',
25 verbose headers   'x-cache-hits': '2',
25 verbose headers   'x-timer': 'S1471270624.135481,VS0,VE0',
25 verbose headers   vary: 'Accept-Encoding' }
26 silly get cb [ 304,
26 silly get   { date: 'Mon, 15 Aug 2016 14:17:04 GMT',
26 silly get     via: '1.1 varnish',
26 silly get     'cache-control': 'max-age=300',
26 silly get     etag: '"90V3NXMFYDULUM3V8ROY21DJC"',
26 silly get     age: '80',
26 silly get     connection: 'keep-alive',
26 silly get     'x-served-by': 'cache-jfk8123-JFK',
26 silly get     'x-cache': 'HIT',
26 silly get     'x-cache-hits': '2',
26 silly get     'x-timer': 'S1471270624.135481,VS0,VE0',
26 silly get     vary: 'Accept-Encoding' } ]
27 verbose etag https://registry.npmjs.org/bower from cache
28 verbose get saving bower to /Users/Patrick/.npm/registry.npmjs.org/bower/.cache.json
29 verbose correctMkdir /Users/Patrick/.npm correctMkdir not in flight; initializing
30 silly addNameTag next cb for bower with tag latest
31 silly addNamed bower@1.7.9
32 verbose addNamed "1.7.9" is a plain semver version for bower
33 silly mapToRegistry name bower
34 silly mapToRegistry using default registry
35 silly mapToRegistry registry https://registry.npmjs.org/
36 silly mapToRegistry data Result {
36 silly mapToRegistry   raw: 'bower',
36 silly mapToRegistry   scope: null,
36 silly mapToRegistry   name: 'bower',
36 silly mapToRegistry   rawSpec: '',
36 silly mapToRegistry   spec: 'latest',
36 silly mapToRegistry   type: 'tag' }
37 silly mapToRegistry uri https://registry.npmjs.org/bower
38 verbose addRemoteTarball https://registry.npmjs.org/bower/-/bower-1.7.9.tgz not in flight; adding
39 verbose addRemoteTarball [ 'https://registry.npmjs.org/bower/-/bower-1.7.9.tgz',
39 verbose addRemoteTarball   'b7296c2393e0d75edaa6ca39648132dd255812b0' ]
40 info retry fetch attempt 1 at 10:17:05 AM
41 info attempt registry request try #1 at 10:17:05 AM
42 http fetch GET https://registry.npmjs.org/bower/-/bower-1.7.9.tgz
43 http fetch 200 https://registry.npmjs.org/bower/-/bower-1.7.9.tgz
44 silly fetchAndShaCheck shasum b7296c2393e0d75edaa6ca39648132dd255812b0
45 verbose addTmpTarball /var/folders/ld/3yc00klj2333vhdslwsqkvbh0000gn/T/npm-84811-96f0d8be/registry.npmjs.org/bower/-/bower-1.7.9.tgz not in flight; adding
46 verbose addTmpTarball already have metadata; skipping unpack for bower@1.7.9
47 verbose correctMkdir /Users/Patrick/.npm correctMkdir not in flight; initializing
48 silly cache afterAdd bower@1.7.9
49 verbose afterAdd /Users/Patrick/.npm/bower/1.7.9/package/package.json not in flight; writing
50 verbose correctMkdir /Users/Patrick/.npm correctMkdir not in flight; initializing
51 verbose afterAdd /Users/Patrick/.npm/bower/1.7.9/package/package.json written
52 silly install resolved [ { name: 'bower',
52 silly install resolved     version: '1.7.9',
52 silly install resolved     description: 'The browser package manager',
52 silly install resolved     author: { name: 'Twitter' },
52 silly install resolved     license: 'MIT',
52 silly install resolved     repository: { type: 'git', url: 'git+https://github.com/bower/bower.git' },
52 silly install resolved     main: 'lib',
52 silly install resolved     bin: { bower: 'bin/bower' },
52 silly install resolved     homepage: 'http://bower.io',
52 silly install resolved     engines: { node: '>=0.10.0' },
52 silly install resolved     keywords: [ 'bower' ],
52 silly install resolved     files: [ 'bin', 'lib' ],
52 silly install resolved     bugs: { url: 'https://github.com/bower/bower/issues' },
52 silly install resolved     _id: 'bower@1.7.9',
52 silly install resolved     scripts: {},
52 silly install resolved     _shasum: 'b7296c2393e0d75edaa6ca39648132dd255812b0',
52 silly install resolved     _from: 'bower@latest',
52 silly install resolved     _npmVersion: '3.7.3',
52 silly install resolved     _nodeVersion: '5.9.0',
52 silly install resolved     _npmUser: { name: 'sheerun', email: 'sheerun@sher.pl' },
52 silly install resolved     dist:
52 silly install resolved      { shasum: 'b7296c2393e0d75edaa6ca39648132dd255812b0',
52 silly install resolved        tarball: 'https://registry.npmjs.org/bower/-/bower-1.7.9.tgz' },
52 silly install resolved     maintainers:
52 silly install resolved      [ [Object],
52 silly install resolved        [Object],
52 silly install resolved        [Object],
52 silly install resolved        [Object],
52 silly install resolved        [Object],
52 silly install resolved        [Object],
52 silly install resolved        [Object] ],
52 silly install resolved     _npmOperationalInternal:
52 silly install resolved      { host: 'packages-12-west.internal.npmjs.com',
52 silly install resolved        tmp: 'tmp/bower-1.7.9.tgz_1459857239351_0.9720134933013469' },
52 silly install resolved     directories: {},
52 silly install resolved     _resolved: 'https://registry.npmjs.org/bower/-/bower-1.7.9.tgz' } ]
53 info install bower@1.7.9 into /usr/local/lib
54 info installOne bower@1.7.9
55 verbose installOne of bower to /usr/local/lib not in flight; installing
56 verbose correctMkdir /Users/Patrick/.npm/_locks correctMkdir not in flight; initializing
57 verbose makeDirectory /Users/Patrick/.npm/_locks creation not in flight; initializing
58 silly makeDirectory /Users/Patrick/.npm/_locks uid: 501 gid: 20
59 verbose lock using /Users/Patrick/.npm/_locks/bower-e8debc5417026b57.lock for /usr/local/lib/node_modules/bower
60 silly install write writing bower 1.7.9 to /usr/local/lib/node_modules/bower
61 verbose unbuild lib/node_modules/bower
62 silly gentlyRm /usr/local/lib/node_modules/bower is being purged from base /usr/local
63 verbose gentlyRm don't care about contents; nuking /usr/local/lib/node_modules/bower
64 verbose tar unpack /Users/Patrick/.npm/bower/1.7.9/package.tgz
65 verbose tar unpacking to /usr/local/lib/node_modules/bower
66 silly gentlyRm /usr/local/lib/node_modules/bower is being purged
67 verbose gentlyRm don't care about contents; nuking /usr/local/lib/node_modules/bower
68 silly gunzTarPerm modes [ '755', '644' ]
69 error tar.unpack untar error /Users/Patrick/.npm/bower/1.7.9/package.tgz
70 verbose unlock done using /Users/Patrick/.npm/_locks/bower-e8debc5417026b57.lock for /usr/local/lib/node_modules/bower
71 verbose fstream_path /usr/local/lib/node_modules/bower
72 verbose fstream_type Directory
73 verbose fstream_class DirWriter
74 verbose stack Error: EACCES: permission denied, mkdir '/usr/local/lib/node_modules/bower'
74 verbose stack     at Error (native)
75 verbose fstream_stack /usr/local/lib/node_modules/npm/node_modules/fstream/lib/dir-writer.js:35:25
75 verbose fstream_stack /usr/local/lib/node_modules/npm/node_modules/mkdirp/index.js:47:53
75 verbose fstream_stack FSReqWrap.oncomplete (fs.js:82:15)
76 verbose cwd /Users/Patrick/Desktop/theMMO
77 error Darwin 15.5.0
78 error argv "/usr/local/bin/node" "/usr/local/bin/npm" "install" "-g" "bower"
79 error node v4.4.2
80 error npm  v2.15.0
81 error path /usr/local/lib/node_modules/bower
82 error code EACCES
83 error errno -13
84 error syscall mkdir
85 error Error: EACCES: permission denied, mkdir '/usr/local/lib/node_modules/bower'
85 error     at Error (native)
85 error  { [Error: EACCES: permission denied, mkdir '/usr/local/lib/node_modules/bower']
85 error   errno: -13,
85 error   code: 'EACCES',
85 error   syscall: 'mkdir',
85 error   path: '/usr/local/lib/node_modules/bower',
85 error   fstream_type: 'Directory',
85 error   fstream_path: '/usr/local/lib/node_modules/bower',
85 error   fstream_class: 'DirWriter',
85 error   fstream_stack:
85 error    [ '/usr/local/lib/node_modules/npm/node_modules/fstream/lib/dir-writer.js:35:25',
85 error      '/usr/local/lib/node_modules/npm/node_modules/mkdirp/index.js:47:53',
85 error      'FSReqWrap.oncomplete (fs.js:82:15)' ] }
86 error Please try running this command again as root/Administrator.
87 verbose exit [ -13, true ]
88 verbose unbuild lib/node_modules/bower
89 silly gentlyRm /usr/local/lib/node_modules/bower is being purged from base /usr/local
90 verbose gentlyRm don't care about contents; nuking /usr/local/lib/node_modules/bower
